<?xml version="1.0" encoding="UTF-8"?>
<!-- Generated by org.testng.reporters.JUnitReportReporter -->
<testsuite skipped="0" hostname="LAPTOP-62TB55UM" name="Testing.Automation.ValidateamazoncovidTitle" tests="1" failures="0" timestamp="05 Jun 2021 07:55:21 GMT" time="27.089" errors="0">
  <testcase name="validateAppTitle" time="27.089" classname="Testing.Automation.ValidateamazoncovidTitle"/>
</testsuite> <!-- Testing.Automation.ValidateamazoncovidTitle -->
