<?xml version="1.0" encoding="UTF-8"?>
<!-- Generated by org.testng.reporters.JUnitReportReporter -->
<testsuite skipped="0" hostname="LAPTOP-62TB55UM" name="Testing.Automation.ValidateamazonTitle" tests="1" failures="0" timestamp="05 Jun 2021 07:03:38 GMT" time="8.767" errors="0">
  <testcase name="validateAppTitle" time="8.767" classname="Testing.Automation.ValidateamazonTitle"/>
</testsuite> <!-- Testing.Automation.ValidateamazonTitle -->
