<?xml version="1.0" encoding="UTF-8"?>
<!-- Generated by org.testng.reporters.JUnitReportReporter -->
<testsuite skipped="0" hostname="LAPTOP-62TB55UM" name="Testing.Automation.Testresponse" tests="1" failures="0" timestamp="05 Jun 2021 07:56:59 GMT" time="12.102" errors="0">
  <testcase name="validateAppTitle" time="12.102" classname="Testing.Automation.Testresponse"/>
</testsuite> <!-- Testing.Automation.Testresponse -->
