<?xml version="1.0" encoding="UTF-8"?>
<!-- Generated by org.testng.reporters.JUnitReportReporter -->
<testsuite skipped="0" hostname="LAPTOP-62TB55UM" name="Testing.Automation.TestAmazonCovidTitle" tests="1" failures="0" timestamp="15 Jun 2021 01:47:56 GMT" time="29.467" errors="0">
  <testcase name="validateAppTitle" time="29.467" classname="Testing.Automation.TestAmazonCovidTitle"/>
</testsuite> <!-- Testing.Automation.TestAmazonCovidTitle -->
