<?xml version="1.0" encoding="UTF-8"?>
<!-- Generated by org.testng.reporters.JUnitReportReporter -->
<testsuite skipped="0" hostname="LAPTOP-62TB55UM" name="Testing.Automation.HomePage" tests="3" failures="0" timestamp="15 Jun 2021 01:47:56 GMT" time="32.059" errors="0">
  <testcase name="AmazonHomePage" time="4.255" classname="Testing.Automation.HomePage"/>
  <testcase name="AmazonHomePage" time="23.984" classname="Testing.Automation.HomePage"/>
  <testcase name="AmazonHomePage" time="3.820" classname="Testing.Automation.HomePage"/>
</testsuite> <!-- Testing.Automation.HomePage -->
